[0.184s] DEBUG:colcon:Command line arguments: ['/usr/bin/colcon', 'build']
[0.184s] DEBUG:colcon:Parsed command line arguments: Namespace(ament_cmake_args=None, base_paths=['.'], build_base='build', catkin_cmake_args=None, catkin_skip_building_tests=False, cmake_args=None, cmake_clean_cache=False, cmake_clean_first=False, cmake_force_configure=False, cmake_target=None, cmake_target_skip_unavailable=False, continue_on_error=False, event_handlers=None, executor='parallel', ignore_user_meta=False, install_base='install', log_base=None, log_level=None, main=<bound method BuildVerb.main of <colcon_core.verb.build.BuildVerb object at 0x7fd5b85bf5c0>>, merge_install=False, metas=['./colcon.meta'], packages_above=None, packages_above_depth=None, packages_end=None, packages_ignore=None, packages_ignore_regex=None, packages_select=None, packages_select_build_failed=False, packages_select_by_dep=None, packages_select_regex=None, packages_select_test_failures=False, packages_skip=None, packages_skip_build_finished=False, packages_skip_by_dep=None, packages_skip_regex=None, packages_skip_test_passed=False, packages_skip_up_to=None, packages_start=None, packages_up_to=None, parallel_workers=4, paths=None, symlink_install=False, test_result_base=None, verb_extension=<colcon_core.verb.build.BuildVerb object at 0x7fd5b85bf5c0>, verb_name='build', verb_parser=<colcon_defaults.argument_parser.defaults.DefaultArgumentsDecorator object at 0x7fd5b85bf908>)
[0.279s] Level 1:colcon.colcon_core.package_discovery:discover_packages(colcon_meta) check parameters
[0.280s] Level 1:colcon.colcon_core.package_discovery:discover_packages(recursive) check parameters
[0.280s] Level 1:colcon.colcon_core.package_discovery:discover_packages(ignore) check parameters
[0.280s] Level 1:colcon.colcon_core.package_discovery:discover_packages(path) check parameters
[0.280s] Level 1:colcon.colcon_core.package_discovery:discover_packages(colcon_meta) discover
[0.280s] Level 1:colcon.colcon_core.package_discovery:discover_packages(recursive) discover
[0.280s] INFO:colcon.colcon_core.package_discovery:Crawling recursively for packages in '/home/rachel/kogrob/kogrob_ws/src/BT_pickplace'
[0.280s] Level 1:colcon.colcon_core.package_identification:_identify(.) by extensions ['ignore', 'ignore_ament_install']
[0.280s] Level 1:colcon.colcon_core.package_identification:_identify(.) by extension 'ignore'
[0.280s] Level 1:colcon.colcon_core.package_identification:_identify(.) by extension 'ignore_ament_install'
[0.281s] Level 1:colcon.colcon_core.package_identification:_identify(.) by extensions ['colcon_pkg']
[0.281s] Level 1:colcon.colcon_core.package_identification:_identify(.) by extension 'colcon_pkg'
[0.281s] Level 1:colcon.colcon_core.package_identification:_identify(.) by extensions ['colcon_meta']
[0.281s] Level 1:colcon.colcon_core.package_identification:_identify(.) by extension 'colcon_meta'
[0.281s] Level 1:colcon.colcon_core.package_identification:_identify(.) by extensions ['ros']
[0.281s] Level 1:colcon.colcon_core.package_identification:_identify(.) by extension 'ros'
[0.323s] Level 1:colcon.colcon_core.package_identification:_identify(.) by extensions ['cmake', 'python']
[0.323s] Level 1:colcon.colcon_core.package_identification:_identify(.) by extension 'cmake'
[0.324s] Level 1:colcon.colcon_core.package_identification:_identify(.) by extension 'python'
[0.324s] Level 1:colcon.colcon_core.package_identification:_identify(.) by extensions ['python_setup_py']
[0.324s] Level 1:colcon.colcon_core.package_identification:_identify(.) by extension 'python_setup_py'
[0.324s] Level 1:colcon.colcon_core.package_identification:_identify(Jobs) by extensions ['ignore', 'ignore_ament_install']
[0.324s] Level 1:colcon.colcon_core.package_identification:_identify(Jobs) by extension 'ignore'
[0.325s] Level 1:colcon.colcon_core.package_identification:_identify(Jobs) by extension 'ignore_ament_install'
[0.325s] Level 1:colcon.colcon_core.package_identification:_identify(Jobs) by extensions ['colcon_pkg']
[0.325s] Level 1:colcon.colcon_core.package_identification:_identify(Jobs) by extension 'colcon_pkg'
[0.325s] Level 1:colcon.colcon_core.package_identification:_identify(Jobs) by extensions ['colcon_meta']
[0.325s] Level 1:colcon.colcon_core.package_identification:_identify(Jobs) by extension 'colcon_meta'
[0.325s] Level 1:colcon.colcon_core.package_identification:_identify(Jobs) by extensions ['ros']
[0.325s] Level 1:colcon.colcon_core.package_identification:_identify(Jobs) by extension 'ros'
[0.325s] Level 1:colcon.colcon_core.package_identification:_identify(Jobs) by extensions ['cmake', 'python']
[0.325s] Level 1:colcon.colcon_core.package_identification:_identify(Jobs) by extension 'cmake'
[0.326s] Level 1:colcon.colcon_core.package_identification:_identify(Jobs) by extension 'python'
[0.326s] Level 1:colcon.colcon_core.package_identification:_identify(Jobs) by extensions ['python_setup_py']
[0.326s] Level 1:colcon.colcon_core.package_identification:_identify(Jobs) by extension 'python_setup_py'
[0.326s] Level 1:colcon.colcon_core.package_identification:_identify(bt_nodes) by extensions ['ignore', 'ignore_ament_install']
[0.326s] Level 1:colcon.colcon_core.package_identification:_identify(bt_nodes) by extension 'ignore'
[0.326s] Level 1:colcon.colcon_core.package_identification:_identify(bt_nodes) by extension 'ignore_ament_install'
[0.327s] Level 1:colcon.colcon_core.package_identification:_identify(bt_nodes) by extensions ['colcon_pkg']
[0.327s] Level 1:colcon.colcon_core.package_identification:_identify(bt_nodes) by extension 'colcon_pkg'
[0.327s] Level 1:colcon.colcon_core.package_identification:_identify(bt_nodes) by extensions ['colcon_meta']
[0.327s] Level 1:colcon.colcon_core.package_identification:_identify(bt_nodes) by extension 'colcon_meta'
[0.327s] Level 1:colcon.colcon_core.package_identification:_identify(bt_nodes) by extensions ['ros']
[0.327s] Level 1:colcon.colcon_core.package_identification:_identify(bt_nodes) by extension 'ros'
[0.333s] DEBUG:colcon.colcon_core.package_identification:Package 'bt_nodes' with type 'ros.catkin' and name 'bt_nodes'
[0.333s] Level 1:colcon.colcon_core.package_identification:_identify(build) by extensions ['ignore', 'ignore_ament_install']
[0.333s] Level 1:colcon.colcon_core.package_identification:_identify(build) by extension 'ignore'
[0.333s] Level 1:colcon.colcon_core.package_identification:_identify(build) ignored
[0.334s] Level 1:colcon.colcon_core.package_identification:_identify(install) by extensions ['ignore', 'ignore_ament_install']
[0.334s] Level 1:colcon.colcon_core.package_identification:_identify(install) by extension 'ignore'
[0.334s] Level 1:colcon.colcon_core.package_identification:_identify(install) ignored
[0.334s] Level 1:colcon.colcon_core.package_identification:_identify(log) by extensions ['ignore', 'ignore_ament_install']
[0.334s] Level 1:colcon.colcon_core.package_identification:_identify(log) by extension 'ignore'
[0.334s] Level 1:colcon.colcon_core.package_identification:_identify(log) ignored
[0.335s] Level 1:colcon.colcon_core.package_identification:_identify(robot_function) by extensions ['ignore', 'ignore_ament_install']
[0.335s] Level 1:colcon.colcon_core.package_identification:_identify(robot_function) by extension 'ignore'
[0.335s] Level 1:colcon.colcon_core.package_identification:_identify(robot_function) by extension 'ignore_ament_install'
[0.335s] Level 1:colcon.colcon_core.package_identification:_identify(robot_function) by extensions ['colcon_pkg']
[0.335s] Level 1:colcon.colcon_core.package_identification:_identify(robot_function) by extension 'colcon_pkg'
[0.335s] Level 1:colcon.colcon_core.package_identification:_identify(robot_function) by extensions ['colcon_meta']
[0.335s] Level 1:colcon.colcon_core.package_identification:_identify(robot_function) by extension 'colcon_meta'
[0.335s] Level 1:colcon.colcon_core.package_identification:_identify(robot_function) by extensions ['ros']
[0.335s] Level 1:colcon.colcon_core.package_identification:_identify(robot_function) by extension 'ros'
[0.338s] DEBUG:colcon.colcon_core.package_identification:Package 'robot_function' with type 'ros.catkin' and name 'robot_function'
[0.338s] Level 1:colcon.colcon_core.package_discovery:discover_packages(recursive) using defaults
[0.338s] Level 1:colcon.colcon_core.package_discovery:discover_packages(ignore) discover
[0.338s] Level 1:colcon.colcon_core.package_discovery:discover_packages(ignore) using defaults
[0.338s] Level 1:colcon.colcon_core.package_discovery:discover_packages(path) discover
[0.338s] Level 1:colcon.colcon_core.package_discovery:discover_packages(path) using defaults
[0.346s] Level 5:colcon.colcon_core.verb:set package 'bt_nodes' build argument 'cmake_args' from command line to 'None'
[0.346s] Level 5:colcon.colcon_core.verb:set package 'bt_nodes' build argument 'cmake_target' from command line to 'None'
[0.346s] Level 5:colcon.colcon_core.verb:set package 'bt_nodes' build argument 'cmake_target_skip_unavailable' from command line to 'False'
[0.346s] Level 5:colcon.colcon_core.verb:set package 'bt_nodes' build argument 'cmake_clean_cache' from command line to 'False'
[0.346s] Level 5:colcon.colcon_core.verb:set package 'bt_nodes' build argument 'cmake_clean_first' from command line to 'False'
[0.346s] Level 5:colcon.colcon_core.verb:set package 'bt_nodes' build argument 'cmake_force_configure' from command line to 'False'
[0.346s] Level 5:colcon.colcon_core.verb:set package 'bt_nodes' build argument 'ament_cmake_args' from command line to 'None'
[0.346s] Level 5:colcon.colcon_core.verb:set package 'bt_nodes' build argument 'catkin_cmake_args' from command line to 'None'
[0.346s] Level 5:colcon.colcon_core.verb:set package 'bt_nodes' build argument 'catkin_skip_building_tests' from command line to 'False'
[0.346s] DEBUG:colcon.colcon_core.verb:Building package 'bt_nodes' with the following arguments: {'ament_cmake_args': None, 'build_base': '/home/rachel/kogrob/kogrob_ws/src/BT_pickplace/build/bt_nodes', 'catkin_cmake_args': None, 'catkin_skip_building_tests': False, 'cmake_args': None, 'cmake_clean_cache': False, 'cmake_clean_first': False, 'cmake_force_configure': False, 'cmake_target': None, 'cmake_target_skip_unavailable': False, 'install_base': '/home/rachel/kogrob/kogrob_ws/src/BT_pickplace/install/bt_nodes', 'merge_install': False, 'path': '/home/rachel/kogrob/kogrob_ws/src/BT_pickplace/bt_nodes', 'symlink_install': False, 'test_result_base': None}
[0.349s] Level 5:colcon.colcon_core.verb:set package 'robot_function' build argument 'cmake_args' from command line to 'None'
[0.349s] Level 5:colcon.colcon_core.verb:set package 'robot_function' build argument 'cmake_target' from command line to 'None'
[0.349s] Level 5:colcon.colcon_core.verb:set package 'robot_function' build argument 'cmake_target_skip_unavailable' from command line to 'False'
[0.349s] Level 5:colcon.colcon_core.verb:set package 'robot_function' build argument 'cmake_clean_cache' from command line to 'False'
[0.349s] Level 5:colcon.colcon_core.verb:set package 'robot_function' build argument 'cmake_clean_first' from command line to 'False'
[0.349s] Level 5:colcon.colcon_core.verb:set package 'robot_function' build argument 'cmake_force_configure' from command line to 'False'
[0.350s] Level 5:colcon.colcon_core.verb:set package 'robot_function' build argument 'ament_cmake_args' from command line to 'None'
[0.350s] Level 5:colcon.colcon_core.verb:set package 'robot_function' build argument 'catkin_cmake_args' from command line to 'None'
[0.350s] Level 5:colcon.colcon_core.verb:set package 'robot_function' build argument 'catkin_skip_building_tests' from command line to 'False'
[0.350s] DEBUG:colcon.colcon_core.verb:Building package 'robot_function' with the following arguments: {'ament_cmake_args': None, 'build_base': '/home/rachel/kogrob/kogrob_ws/src/BT_pickplace/build/robot_function', 'catkin_cmake_args': None, 'catkin_skip_building_tests': False, 'cmake_args': None, 'cmake_clean_cache': False, 'cmake_clean_first': False, 'cmake_force_configure': False, 'cmake_target': None, 'cmake_target_skip_unavailable': False, 'install_base': '/home/rachel/kogrob/kogrob_ws/src/BT_pickplace/install/robot_function', 'merge_install': False, 'path': '/home/rachel/kogrob/kogrob_ws/src/BT_pickplace/robot_function', 'symlink_install': False, 'test_result_base': None}
[0.350s] INFO:colcon.colcon_core.executor:Executing jobs using 'parallel' executor
[0.353s] DEBUG:colcon.colcon_parallel_executor.executor.parallel:run_until_complete
[0.354s] INFO:colcon.colcon_ros.task.catkin.build:Building ROS package in '/home/rachel/kogrob/kogrob_ws/src/BT_pickplace/bt_nodes' with build type 'catkin'
[0.354s] INFO:colcon.colcon_cmake.task.cmake.build:Building CMake package in '/home/rachel/kogrob/kogrob_ws/src/BT_pickplace/bt_nodes'
[0.372s] INFO:colcon.colcon_core.plugin_system:Skipping extension 'colcon_core.shell.bat': Not used on non-Windows systems
[0.373s] INFO:colcon.colcon_core.shell:Skip shell extension 'powershell' for command environment: Not usable outside of PowerShell
[0.373s] DEBUG:colcon.colcon_core.shell:Skip shell extension 'dsv' for command environment
[0.383s] DEBUG:colcon.colcon_core.shell:Ignoring prefix path '/home/rachel/kogrob/kogrob_ws/devel'
[0.383s] DEBUG:colcon.colcon_core.shell:Ignoring prefix path '/opt/ros/melodic'
[0.396s] DEBUG:colcon.colcon_core.event_handler.log_command:Invoking command in '/home/rachel/kogrob/kogrob_ws/src/BT_pickplace/build/bt_nodes': /usr/bin/cmake /home/rachel/kogrob/kogrob_ws/src/BT_pickplace/bt_nodes -DCATKIN_INSTALL_INTO_PREFIX_ROOT=0 -DCMAKE_INSTALL_PREFIX=/home/rachel/kogrob/kogrob_ws/src/BT_pickplace/install/bt_nodes
[3.897s] DEBUG:colcon.colcon_core.event_handler.log_command:Invoked command in '/home/rachel/kogrob/kogrob_ws/src/BT_pickplace/build/bt_nodes' returned '0': /usr/bin/cmake /home/rachel/kogrob/kogrob_ws/src/BT_pickplace/bt_nodes -DCATKIN_INSTALL_INTO_PREFIX_ROOT=0 -DCMAKE_INSTALL_PREFIX=/home/rachel/kogrob/kogrob_ws/src/BT_pickplace/install/bt_nodes
[3.900s] DEBUG:colcon.colcon_core.event_handler.log_command:Invoking command in '/home/rachel/kogrob/kogrob_ws/src/BT_pickplace/build/bt_nodes': /usr/bin/cmake --build /home/rachel/kogrob/kogrob_ws/src/BT_pickplace/build/bt_nodes -- -j4 -l4
[10.045s] Level 1:colcon.colcon_core.shell:create_environment_hook('bt_nodes', 'ros_package_path')
[10.046s] INFO:colcon.colcon_core.shell:Creating environment hook '/home/rachel/kogrob/kogrob_ws/src/BT_pickplace/install/bt_nodes/share/bt_nodes/hook/ros_package_path.ps1'
[10.047s] DEBUG:colcon.colcon_core.event_handler.log_command:Invoked command in '/home/rachel/kogrob/kogrob_ws/src/BT_pickplace/build/bt_nodes' returned '2': /usr/bin/cmake --build /home/rachel/kogrob/kogrob_ws/src/BT_pickplace/build/bt_nodes -- -j4 -l4
[10.048s] INFO:colcon.colcon_core.shell:Creating environment descriptor '/home/rachel/kogrob/kogrob_ws/src/BT_pickplace/install/bt_nodes/share/bt_nodes/hook/ros_package_path.dsv'
[10.049s] INFO:colcon.colcon_core.shell:Creating environment hook '/home/rachel/kogrob/kogrob_ws/src/BT_pickplace/install/bt_nodes/share/bt_nodes/hook/ros_package_path.sh'
[10.050s] Level 1:colcon.colcon_ros.task.catkin:checking '/home/rachel/kogrob/kogrob_ws/src/BT_pickplace/install/bt_nodes/lib/python2.7/dist-packages'
[10.050s] Level 1:colcon.colcon_core.shell:create_environment_hook('bt_nodes', 'pkg_config_path')
[10.051s] INFO:colcon.colcon_core.shell:Creating environment hook '/home/rachel/kogrob/kogrob_ws/src/BT_pickplace/install/bt_nodes/share/bt_nodes/hook/pkg_config_path.ps1'
[10.051s] INFO:colcon.colcon_core.shell:Creating environment descriptor '/home/rachel/kogrob/kogrob_ws/src/BT_pickplace/install/bt_nodes/share/bt_nodes/hook/pkg_config_path.dsv'
[10.051s] INFO:colcon.colcon_core.shell:Creating environment hook '/home/rachel/kogrob/kogrob_ws/src/BT_pickplace/install/bt_nodes/share/bt_nodes/hook/pkg_config_path.sh'
[10.055s] Level 1:colcon.colcon_core.shell:create_environment_hook('bt_nodes', 'pkg_config_path_multiarch')
[10.056s] INFO:colcon.colcon_core.shell:Creating environment hook '/home/rachel/kogrob/kogrob_ws/src/BT_pickplace/install/bt_nodes/share/bt_nodes/hook/pkg_config_path_multiarch.ps1'
[10.057s] INFO:colcon.colcon_core.shell:Creating environment descriptor '/home/rachel/kogrob/kogrob_ws/src/BT_pickplace/install/bt_nodes/share/bt_nodes/hook/pkg_config_path_multiarch.dsv'
[10.057s] INFO:colcon.colcon_core.shell:Creating environment hook '/home/rachel/kogrob/kogrob_ws/src/BT_pickplace/install/bt_nodes/share/bt_nodes/hook/pkg_config_path_multiarch.sh'
[10.059s] Level 1:colcon.colcon_core.environment:create_environment_scripts_only(bt_nodes)
[10.069s] Level 1:colcon.colcon_core.environment:checking '/home/rachel/kogrob/kogrob_ws/src/BT_pickplace/install/bt_nodes' for CMake module files
[10.070s] Level 1:colcon.colcon_core.environment:checking '/home/rachel/kogrob/kogrob_ws/src/BT_pickplace/install/bt_nodes' for CMake config files
[10.071s] Level 1:colcon.colcon_core.environment:checking '/home/rachel/kogrob/kogrob_ws/src/BT_pickplace/install/bt_nodes/bin'
[10.071s] Level 1:colcon.colcon_core.environment:checking '/home/rachel/kogrob/kogrob_ws/src/BT_pickplace/install/bt_nodes/lib/pkgconfig/bt_nodes.pc'
[10.071s] Level 1:colcon.colcon_core.environment:checking '/home/rachel/kogrob/kogrob_ws/src/BT_pickplace/install/bt_nodes/lib/python3.6/site-packages'
[10.072s] INFO:colcon.colcon_core.shell:Creating package script '/home/rachel/kogrob/kogrob_ws/src/BT_pickplace/install/bt_nodes/share/bt_nodes/package.ps1'
[10.074s] INFO:colcon.colcon_core.shell:Creating package descriptor '/home/rachel/kogrob/kogrob_ws/src/BT_pickplace/install/bt_nodes/share/bt_nodes/package.dsv'
[10.075s] INFO:colcon.colcon_core.shell:Creating package script '/home/rachel/kogrob/kogrob_ws/src/BT_pickplace/install/bt_nodes/share/bt_nodes/package.sh'
[10.076s] INFO:colcon.colcon_core.shell:Creating package script '/home/rachel/kogrob/kogrob_ws/src/BT_pickplace/install/bt_nodes/share/bt_nodes/package.bash'
[10.077s] INFO:colcon.colcon_core.shell:Creating package script '/home/rachel/kogrob/kogrob_ws/src/BT_pickplace/install/bt_nodes/share/bt_nodes/package.zsh'
[10.079s] Level 1:colcon.colcon_core.environment:create_file_with_runtime_dependencies(/home/rachel/kogrob/kogrob_ws/src/BT_pickplace/install/bt_nodes/share/colcon-core/packages/bt_nodes)
[10.080s] DEBUG:colcon.colcon_parallel_executor.executor.parallel:closing loop
[10.080s] DEBUG:colcon.colcon_parallel_executor.executor.parallel:loop closed
[10.081s] DEBUG:colcon.colcon_parallel_executor.executor.parallel:run_until_complete finished with '2'
[10.081s] DEBUG:colcon.colcon_core.event_reactor:joining thread
[10.089s] INFO:colcon.colcon_core.plugin_system:Skipping extension 'colcon_notification.desktop_notification.terminal_notifier': Not used on non-Darwin systems
[10.089s] INFO:colcon.colcon_core.plugin_system:Skipping extension 'colcon_notification.desktop_notification.win32': Not used on non-Windows systems
[10.089s] INFO:colcon.colcon_notification.desktop_notification:Sending desktop notification using 'notify2'
[10.100s] DEBUG:colcon.colcon_core.event_reactor:joined thread
[10.108s] INFO:colcon.colcon_core.shell:Creating prefix script '/home/rachel/kogrob/kogrob_ws/src/BT_pickplace/install/local_setup.ps1'
[10.111s] INFO:colcon.colcon_core.shell:Creating prefix util module '/home/rachel/kogrob/kogrob_ws/src/BT_pickplace/install/_local_setup_util_ps1.py'
[10.114s] INFO:colcon.colcon_core.shell:Creating prefix chain script '/home/rachel/kogrob/kogrob_ws/src/BT_pickplace/install/setup.ps1'
[10.122s] INFO:colcon.colcon_core.shell:Creating prefix script '/home/rachel/kogrob/kogrob_ws/src/BT_pickplace/install/local_setup.sh'
[10.124s] INFO:colcon.colcon_core.shell:Creating prefix util module '/home/rachel/kogrob/kogrob_ws/src/BT_pickplace/install/_local_setup_util_sh.py'
[10.125s] INFO:colcon.colcon_core.shell:Creating prefix chain script '/home/rachel/kogrob/kogrob_ws/src/BT_pickplace/install/setup.sh'
[10.129s] INFO:colcon.colcon_core.shell:Creating prefix script '/home/rachel/kogrob/kogrob_ws/src/BT_pickplace/install/local_setup.bash'
[10.130s] INFO:colcon.colcon_core.shell:Creating prefix chain script '/home/rachel/kogrob/kogrob_ws/src/BT_pickplace/install/setup.bash'
[10.132s] INFO:colcon.colcon_core.shell:Creating prefix script '/home/rachel/kogrob/kogrob_ws/src/BT_pickplace/install/local_setup.zsh'
[10.133s] INFO:colcon.colcon_core.shell:Creating prefix chain script '/home/rachel/kogrob/kogrob_ws/src/BT_pickplace/install/setup.zsh'
