Determining if the pthread_create exist failed with the following output:
Change Dir: /home/rachel/kogrob/kogrob_ws/src/BT_pickplace/build/bt_nodes/CMakeFiles/CMakeTmp

Run Build Command:"/usr/bin/gmake" "cmTC_1a259/fast"
/usr/bin/gmake -f CMakeFiles/cmTC_1a259.dir/build.make CMakeFiles/cmTC_1a259.dir/build
gmake[1]: Entering directory '/home/rachel/kogrob/kogrob_ws/src/BT_pickplace/build/bt_nodes/CMakeFiles/CMakeTmp'
Building C object CMakeFiles/cmTC_1a259.dir/CheckSymbolExists.c.o
/usr/bin/cc    -o CMakeFiles/cmTC_1a259.dir/CheckSymbolExists.c.o   -c /home/rachel/kogrob/kogrob_ws/src/BT_pickplace/build/bt_nodes/CMakeFiles/CMakeTmp/CheckSymbolExists.c
Linking C executable cmTC_1a259
/usr/bin/cmake -E cmake_link_script CMakeFiles/cmTC_1a259.dir/link.txt --verbose=1
/usr/bin/cc      -rdynamic CMakeFiles/cmTC_1a259.dir/CheckSymbolExists.c.o  -o cmTC_1a259 
CMakeFiles/cmTC_1a259.dir/CheckSymbolExists.c.o: In function `main':
CheckSymbolExists.c:(.text+0x1b): undefined reference to `pthread_create'
collect2: error: ld returned 1 exit status
CMakeFiles/cmTC_1a259.dir/build.make:97: recipe for target 'cmTC_1a259' failed
gmake[1]: *** [cmTC_1a259] Error 1
gmake[1]: Leaving directory '/home/rachel/kogrob/kogrob_ws/src/BT_pickplace/build/bt_nodes/CMakeFiles/CMakeTmp'
Makefile:126: recipe for target 'cmTC_1a259/fast' failed
gmake: *** [cmTC_1a259/fast] Error 2

File /home/rachel/kogrob/kogrob_ws/src/BT_pickplace/build/bt_nodes/CMakeFiles/CMakeTmp/CheckSymbolExists.c:
/* */
#include <pthread.h>

int main(int argc, char** argv)
{
  (void)argv;
#ifndef pthread_create
  return ((int*)(&pthread_create))[argc];
#else
  (void)argc;
  return 0;
#endif
}

Determining if the function pthread_create exists in the pthreads failed with the following output:
Change Dir: /home/rachel/kogrob/kogrob_ws/src/BT_pickplace/build/bt_nodes/CMakeFiles/CMakeTmp

Run Build Command:"/usr/bin/gmake" "cmTC_856c1/fast"
/usr/bin/gmake -f CMakeFiles/cmTC_856c1.dir/build.make CMakeFiles/cmTC_856c1.dir/build
gmake[1]: Entering directory '/home/rachel/kogrob/kogrob_ws/src/BT_pickplace/build/bt_nodes/CMakeFiles/CMakeTmp'
Building C object CMakeFiles/cmTC_856c1.dir/CheckFunctionExists.c.o
/usr/bin/cc   -DCHECK_FUNCTION_EXISTS=pthread_create   -o CMakeFiles/cmTC_856c1.dir/CheckFunctionExists.c.o   -c /usr/share/cmake-3.10/Modules/CheckFunctionExists.c
Linking C executable cmTC_856c1
/usr/bin/cmake -E cmake_link_script CMakeFiles/cmTC_856c1.dir/link.txt --verbose=1
/usr/bin/cc  -DCHECK_FUNCTION_EXISTS=pthread_create    -rdynamic CMakeFiles/cmTC_856c1.dir/CheckFunctionExists.c.o  -o cmTC_856c1 -lpthreads 
/usr/bin/ld: cannot find -lpthreads
collect2: error: ld returned 1 exit status
CMakeFiles/cmTC_856c1.dir/build.make:97: recipe for target 'cmTC_856c1' failed
gmake[1]: *** [cmTC_856c1] Error 1
gmake[1]: Leaving directory '/home/rachel/kogrob/kogrob_ws/src/BT_pickplace/build/bt_nodes/CMakeFiles/CMakeTmp'
Makefile:126: recipe for target 'cmTC_856c1/fast' failed
gmake: *** [cmTC_856c1/fast] Error 2


