[0.226s] -- The C compiler identification is GNU 7.5.0
[0.375s] -- The CXX compiler identification is GNU 7.5.0
[0.398s] -- Check for working C compiler: /usr/bin/cc
[0.526s] -- Check for working C compiler: /usr/bin/cc -- works
[0.528s] -- Detecting C compiler ABI info
[0.621s] -- Detecting C compiler ABI info - done
[0.634s] -- Detecting C compile features
[0.862s] -- Detecting C compile features - done
[0.867s] -- Check for working CXX compiler: /usr/bin/c++
[0.951s] -- Check for working CXX compiler: /usr/bin/c++ -- works
[0.951s] -- Detecting CXX compiler ABI info
[1.061s] -- Detecting CXX compiler ABI info - done
[1.074s] -- Detecting CXX compile features
[1.610s] -- Detecting CXX compile features - done
[1.618s] -- Using CATKIN_DEVEL_PREFIX: /home/rachel/kogrob/kogrob_ws/src/BT_pickplace/build/bt_nodes/devel
[1.618s] -- Using CMAKE_PREFIX_PATH: /home/rachel/kogrob/kogrob_ws/devel;/opt/ros/melodic
[1.618s] -- This workspace overlays: /home/rachel/kogrob/kogrob_ws/devel;/opt/ros/melodic
[1.644s] -- Found PythonInterp: /usr/bin/python2 (found suitable version "2.7.17", minimum required is "2") 
[1.644s] -- Using PYTHON_EXECUTABLE: /usr/bin/python2
[1.644s] -- Using Debian Python package layout
[1.644s] -- Using empy: /usr/bin/empy
[1.856s] -- Using CATKIN_ENABLE_TESTING: ON
[1.856s] -- Call enable_testing()
[1.859s] -- Using CATKIN_TEST_RESULTS_DIR: /home/rachel/kogrob/kogrob_ws/src/BT_pickplace/build/bt_nodes/test_results
[1.901s] -- Found gtest sources under '/usr/src/googletest': gtests will be built
[1.901s] -- Found gmock sources under '/usr/src/googletest': gmock will be built
[1.918s] -- Found PythonInterp: /usr/bin/python2 (found version "2.7.17") 
[1.921s] -- Looking for pthread.h
[1.998s] -- Looking for pthread.h - found
[1.999s] -- Looking for pthread_create
[2.078s] -- Looking for pthread_create - not found
[2.079s] -- Looking for pthread_create in pthreads
[2.158s] -- Looking for pthread_create in pthreads - not found
[2.159s] -- Looking for pthread_create in pthread
[2.244s] -- Looking for pthread_create in pthread - found
[2.244s] -- Found Threads: TRUE  
[2.248s] -- Using Python nosetests: /usr/bin/nosetests-2.7
[2.328s] -- catkin 0.7.20
[2.328s] -- BUILD_SHARED_LIBS is on
[2.647s] -- Using these message generators: gencpp;geneus;genlisp;gennodejs;genpy
[3.224s] -- Boost version: 1.65.1
[3.224s] -- Found the following Boost libraries:
[3.224s] --   system
[3.374s] -- Configuring done
[3.522s] -- Generating done
[3.533s] -- Build files have been written to: /home/rachel/kogrob/kogrob_ws/src/BT_pickplace/build/bt_nodes
[3.596s] [35m[1mScanning dependencies of target bt_nodes[0m
[3.706s] [ 50%] [32mBuilding CXX object CMakeFiles/bt_nodes.dir/src/bt_nodes.cpp.o[0m
[9.399s] [100%] [32m[1mLinking CXX shared library devel/lib/libbt_nodes.so[0m
[9.689s] CMakeFiles/bt_nodes.dir/build.make:187: recipe for target 'devel/lib/libbt_nodes.so' failed
[9.689s] CMakeFiles/Makefile2:1955: recipe for target 'CMakeFiles/bt_nodes.dir/all' failed
[9.689s] Makefile:140: recipe for target 'all' failed
